<?xml version="1.0" encoding="UTF-8"?>
<testng-results ignored="0" total="2" passed="2" failed="0" skipped="0">
  <reporter-output>
  </reporter-output>
  <suite started-at="2023-12-23T09:57:06 IST" name="Suite" finished-at="2023-12-23T09:57:17 IST" duration-ms="10887">
    <groups>
    </groups>
    <test started-at="2023-12-23T09:57:06 IST" name="Test" finished-at="2023-12-23T09:57:17 IST" duration-ms="10887">
      <class name="demo.login">
        <test-method signature="initialize()[pri:1, instance:demo.login@f0da945]" started-at="2023-12-23T09:57:06 IST" name="initialize" finished-at="2023-12-23T09:57:15 IST" duration-ms="9230" status="PASS">
          <reporter-output>
          </reporter-output>
        </test-method> <!-- initialize -->
        <test-method signature="browse()[pri:2, instance:demo.login@f0da945]" started-at="2023-12-23T09:57:15 IST" name="browse" finished-at="2023-12-23T09:57:17 IST" duration-ms="1545" status="PASS">
          <reporter-output>
          </reporter-output>
        </test-method> <!-- browse -->
      </class> <!-- demo.login -->
    </test> <!-- Test -->
  </suite> <!-- Suite -->
</testng-results>
